<?xml version="1.0" encoding="UTF-8"?>
<!-- Generated by org.testng.reporters.JUnitReportReporter -->
<testsuite hostname="Seemas-MacBook-Pro.local" name="Test.AmazonLogInTestPageFactory" tests="1" failures="0" timestamp="11 Mar 2020 22:59:08 GMT" time="4.680" errors="0">
  <testcase name="verify_login" time="4.680" classname="Test.AmazonLogInTestPageFactory"/>
</testsuite> <!-- Test.AmazonLogInTestPageFactory -->
