<?xml version="1.0" encoding="UTF-8"?>
<!-- Generated by org.testng.reporters.JUnitReportReporter -->
<testsuite hostname="Seemas-MacBook-Pro.local" name="Testing.Testng.Expedia" tests="3" failures="0" timestamp="7 Mar 2020 23:42:35 GMT" time="69.962" errors="0">
  <testcase name="bookingSecondTest" time="35.052" classname="Testing.Testng.Expedia"/>
  <testcase name="bookingfirstTest" time="17.814" classname="Testing.Testng.Expedia"/>
  <testcase name="titleTest" time="17.096" classname="Testing.Testng.Expedia"/>
</testsuite> <!-- Testing.Testng.Expedia -->
