<?xml version="1.0" encoding="UTF-8"?>
<!-- Generated by org.testng.reporters.JUnitReportReporter -->
<testsuite hostname="Seemas-MacBook-Pro.local" name="Testing.Testng.MinhazTestNG" tests="1" failures="0" timestamp="7 Mar 2020 21:16:33 GMT" time="2.833" errors="0">
  <testcase name="mainTest" time="2.833" classname="Testing.Testng.MinhazTestNG"/>
</testsuite> <!-- Testing.Testng.MinhazTestNG -->
