<?xml version="1.0" encoding="UTF-8"?>
<!-- Generated by org.testng.reporters.JUnitReportReporter -->
<testsuite hostname="Seemas-MacBook-Pro.local" name="Test.EmiratesTest" tests="1" failures="0" timestamp="14 Mar 2020 14:37:25 GMT" time="74.134" errors="0">
  <testcase name="verifyBooking" time="74.134" classname="Test.EmiratesTest"/>
</testsuite> <!-- Test.EmiratesTest -->
